<?xml version="1.0" encoding="UTF-8"?>
<!-- Generated by org.testng.reporters.JUnitReportReporter -->
<testsuite hostname="WIN-NFDCINOH1RK" failures="0" tests="1" name="day2.test.Myclass1" time="5.319" errors="0" timestamp="2022-08-10T09:26:33 GMT" skipped="0">
  <testcase classname="day2.test.Myclass1" name="f" time="5.319"/>
  <system-out/>
</testsuite> <!-- day2.test.Myclass1 -->
