<?xml version="1.0" encoding="UTF-8"?>
<!-- Generated by org.testng.reporters.JUnitReportReporter -->
<testsuite hostname="WIN-NFDCINOH1RK" failures="0" tests="1" name="day1.test.MyClass1" time="1.070" errors="0" timestamp="2022-08-10T05:23:50 GMT" skipped="0">
  <testcase classname="day1.test.MyClass1" name="f" time="1.070"/>
  <system-out/>
</testsuite> <!-- day1.test.MyClass1 -->
