<?xml version="1.0" encoding="UTF-8"?>
<!-- Generated by org.testng.reporters.JUnitReportReporter -->
<testsuite hostname="WIN-NFDCINOH1RK" failures="0" tests="1" name="day2.test.Myclass2" time="2.826" errors="0" timestamp="2022-08-10T10:11:48 GMT" skipped="0">
  <testcase classname="day2.test.Myclass2" name="f" time="2.826"/>
  <system-out/>
</testsuite> <!-- day2.test.Myclass2 -->
