<?xml version="1.0" encoding="UTF-8"?>
<!-- Generated by org.testng.reporters.JUnitReportReporter -->
<testsuite hostname="Venuram" failures="0" tests="4" name="selJava.NewTest" time="32.095" errors="0" timestamp="2024-10-11T00:34:13 EDT" skipped="0">
  <testcase classname="selJava.NewTest" name="asserttest" time="4.940"/>
  <testcase classname="selJava.NewTest" name="action" time="10.692"/>
  <testcase classname="selJava.NewTest" name="windowactivities" time="12.434"/>
  <testcase classname="selJava.NewTest" name="windowhandling" time="4.029"/>
</testsuite> <!-- selJava.NewTest -->
